<?xml version="1.0" encoding="UTF-8"?>
<!-- Generated by org.testng.reporters.JUnitReportReporter -->
<testsuite hostname="DESKTOP-DT9DN0T" failures="0" tests="2" name="SeleniumScripts.Practice.SingUpFirst" time="0.434" errors="0" timestamp="2022-06-07T13:11:26 IST" skipped="0">
  <testcase classname="SeleniumScripts.Practice.SingUpFirst" name="login" time="0.002"/>
  <system-out/>
  <testcase classname="SeleniumScripts.Practice.SingUpFirst" name="createAccount" time="0.432"/>
  <system-out/>
</testsuite> <!-- SeleniumScripts.Practice.SingUpFirst -->
