<?xml version="1.0" encoding="UTF-8"?>
<!-- Generated by org.testng.reporters.JUnitReportReporter -->
<testsuite hostname="DESKTOP-DT9DN0T" failures="0" tests="2" name="TestNGPack2.classThree" time="0.026" errors="0" timestamp="2022-06-07T15:01:46 IST" skipped="1">
  <testcase classname="TestNGPack2.classThree" name="classThreeTestMethod" time="0.026"/>
  <system-out/>
  <testcase classname="TestNGPack2.classThree" name="login">
    <skipped/>
  </testcase> <!-- login -->
  <system-out/>
</testsuite> <!-- TestNGPack2.classThree -->
