<?xml version="1.0" encoding="UTF-8"?>
<!-- Generated by org.testng.reporters.JUnitReportReporter -->
<testsuite hostname="DESKTOP-DT9DN0T" failures="0" tests="3" name="TestNGPack1.GroupDependent" time="0.025" errors="0" timestamp="2022-06-07T15:17:04 IST" skipped="0">
  <testcase classname="TestNGPack1.GroupDependent" name="smokeTest2" time="0.019"/>
  <system-out/>
  <testcase classname="TestNGPack1.GroupDependent" name="smokeTest1" time="0.005"/>
  <system-out/>
  <testcase classname="TestNGPack1.GroupDependent" name="dependsOnSmoke" time="0.001"/>
  <system-out/>
</testsuite> <!-- TestNGPack1.GroupDependent -->
