<?xml version="1.0" encoding="UTF-8"?>
<!-- Generated by org.testng.reporters.JUnitReportReporter -->
<testsuite hostname="DESKTOP-DT9DN0T" failures="0" tests="1" name="TestNGPack1.testNGDemo1" time="40.988" errors="0" timestamp="2022-06-07T15:31:07 IST" skipped="0">
  <testcase classname="TestNGPack1.testNGDemo1" name="googleSearch" time="40.988"/>
  <system-out/>
</testsuite> <!-- TestNGPack1.testNGDemo1 -->
