<?xml version="1.0" encoding="UTF-8"?>
<!-- Generated by org.testng.reporters.JUnitReportReporter -->
<testsuite hostname="DESKTOP-DT9DN0T" failures="0" tests="1" name="TestNGPack1.TestNGParameters" time="0.016" errors="0" timestamp="2022-06-07T15:36:15 IST" skipped="0">
  <testcase classname="TestNGPack1.TestNGParameters" name="add" time="0.016"/>
  <system-out/>
</testsuite> <!-- TestNGPack1.TestNGParameters -->
