<?xml version="1.0" encoding="UTF-8"?>
<!-- Generated by org.testng.reporters.JUnitReportReporter -->
<testsuite hostname="DESKTOP-DT9DN0T" failures="0" tests="2" name="SeleniumScripts.Practice.firstTestNGScript" time="30.963" errors="0" timestamp="2022-06-06T16:46:31 IST" skipped="0">
  <testcase classname="SeleniumScripts.Practice.firstTestNGScript" name="omayoTest" time="9.772"/>
  <system-out/>
  <testcase classname="SeleniumScripts.Practice.firstTestNGScript" name="googlesearch" time="21.191"/>
  <system-out/>
</testsuite> <!-- SeleniumScripts.Practice.firstTestNGScript -->
