<?xml version="1.0" encoding="UTF-8"?>
<!-- Generated by org.testng.reporters.JUnitReportReporter -->
<testsuite hostname="DESKTOP-DT9DN0T" failures="0" tests="1" name="TestNGPack1.ClassOne" time="0.101" errors="0" timestamp="2022-06-07T15:10:50 IST" skipped="0">
  <testcase classname="TestNGPack1.ClassOne" name="classOneTestMethod" time="0.101"/>
  <system-out/>
</testsuite> <!-- TestNGPack1.ClassOne -->
