<?xml version="1.0" encoding="UTF-8"?>
<!-- Generated by org.testng.reporters.JUnitReportReporter -->
<testsuite hostname="DESKTOP-DT9DN0T" failures="0" tests="2" name="SeleniumScripts.Practice.testNGTests" time="8.733" errors="0" timestamp="2022-06-06T10:03:16 IST" skipped="0">
  <testcase classname="SeleniumScripts.Practice.testNGTests" name="googleSearch" time="4.793"/>
  <system-out/>
  <testcase classname="SeleniumScripts.Practice.testNGTests" name="abcTest" time="3.940"/>
  <system-out/>
</testsuite> <!-- SeleniumScripts.Practice.testNGTests -->
