<?xml version="1.0" encoding="UTF-8"?>
<!-- Generated by org.testng.reporters.JUnitReportReporter -->
<testsuite hostname="DESKTOP-DT9DN0T" failures="0" tests="1" name="TestNGPack1.secondClass" time="0.025" errors="0" timestamp="2022-06-07T15:01:46 IST" skipped="0">
  <testcase classname="TestNGPack1.secondClass" name="classSecondTestMethod" time="0.025"/>
  <system-out/>
</testsuite> <!-- TestNGPack1.secondClass -->
