<?xml version="1.0" encoding="UTF-8"?>
<!-- Generated by org.testng.reporters.JUnitReportReporter -->
<testsuite hostname="DESKTOP-DT9DN0T" failures="0" tests="1" name="SeleniumScripts.Practice.PracticeSignup" time="9.433" errors="0" timestamp="2022-06-07T17:34:28 IST" skipped="0">
  <testcase classname="SeleniumScripts.Practice.PracticeSignup" name="Signup" time="9.433"/>
  <system-out/>
</testsuite> <!-- SeleniumScripts.Practice.PracticeSignup -->
