<?xml version="1.0" encoding="UTF-8"?>
<!-- Generated by org.testng.reporters.JUnitReportReporter -->
<testsuite hostname="DESKTOP-DT9DN0T" failures="0" tests="2" name="SeleniumScripts.Practice.testNGAssertions" time="0.010" errors="0" timestamp="2022-06-06T12:31:01 IST" skipped="0">
  <testcase classname="SeleniumScripts.Practice.testNGAssertions" name="login" time="0.006"/>
  <system-out/>
  <testcase classname="SeleniumScripts.Practice.testNGAssertions" name="register" time="0.004"/>
  <system-out/>
</testsuite> <!-- SeleniumScripts.Practice.testNGAssertions -->
